
> mumbai-trails-backend@1.0.0 dev /Users/rachelfernandes/Desktop/AIML/Mini_Proj-main/Mini_Proj/backend
> nest start --watch

[2J[3J[H[[90m11:27:41 am[0m] Starting compilation in watch mode...

[[90m11:27:43 am[0m] Found 0 errors. Watching for file changes.

[32m[Nest] 29086  - [39m11/11/2025, 11:27:43 am [32m    LOG[39m [38;5;3m[NestFactory] [39m[32mStarting Nest application...[39m
[32m[Nest] 29086  - [39m11/11/2025, 11:27:43 am [32m    LOG[39m [38;5;3m[InstanceLoader] [39m[32mAppModule dependencies initialized[39m[38;5;3m +0ms[39m
[32m[Nest] 29086  - [39m11/11/2025, 11:27:43 am [32m    LOG[39m [38;5;3m[InstanceLoader] [39m[32mPrismaModule dependencies initialized[39m[38;5;3m +0ms[39m
[32m[Nest] 29086  - [39m11/11/2025, 11:27:43 am [32m    LOG[39m [38;5;3m[InstanceLoader] [39m[32mPassportModule dependencies initialized[39m[38;5;3m +0ms[39m
[32m[Nest] 29086  - [39m11/11/2025, 11:27:43 am [32m    LOG[39m [38;5;3m[InstanceLoader] [39m[32mMulterModule dependencies initialized[39m[38;5;3m +0ms[39m
[32m[Nest] 29086  - [39m11/11/2025, 11:27:43 am [32m    LOG[39m [38;5;3m[InstanceLoader] [39m[32mMulterModule dependencies initialized[39m[38;5;3m +1ms[39m
[32m[Nest] 29086  - [39m11/11/2025, 11:27:43 am [32m    LOG[39m [38;5;3m[InstanceLoader] [39m[32mConfigHostModule dependencies initialized[39m[38;5;3m +0ms[39m
[32m[Nest] 29086  - [39m11/11/2025, 11:27:43 am [32m    LOG[39m [38;5;3m[InstanceLoader] [39m[32mConfigModule dependencies initialized[39m[38;5;3m +0ms[39m
[32m[Nest] 29086  - [39m11/11/2025, 11:27:43 am [32m    LOG[39m [38;5;3m[InstanceLoader] [39m[32mConfigModule dependencies initialized[39m[38;5;3m +0ms[39m
[32m[Nest] 29086  - [39m11/11/2025, 11:27:43 am [32m    LOG[39m [38;5;3m[InstanceLoader] [39m[32mAppConfigModule dependencies initialized[39m[38;5;3m +0ms[39m
[32m[Nest] 29086  - [39m11/11/2025, 11:27:43 am [32m    LOG[39m [38;5;3m[InstanceLoader] [39m[32mJwtModule dependencies initialized[39m[38;5;3m +0ms[39m
[32m[Nest] 29086  - [39m11/11/2025, 11:27:43 am [32m    LOG[39m [38;5;3m[InstanceLoader] [39m[32mUploadsModule dependencies initialized[39m[38;5;3m +0ms[39m
[32m[Nest] 29086  - [39m11/11/2025, 11:27:43 am [32m    LOG[39m [38;5;3m[InstanceLoader] [39m[32mUsersModule dependencies initialized[39m[38;5;3m +0ms[39m
[32m[Nest] 29086  - [39m11/11/2025, 11:27:43 am [32m    LOG[39m [38;5;3m[InstanceLoader] [39m[32mAnalyticsModule dependencies initialized[39m[38;5;3m +0ms[39m
[32m[Nest] 29086  - [39m11/11/2025, 11:27:43 am [32m    LOG[39m [38;5;3m[InstanceLoader] [39m[32mIntegrationsModule dependencies initialized[39m[38;5;3m +0ms[39m
[32m[Nest] 29086  - [39m11/11/2025, 11:27:43 am [32m    LOG[39m [38;5;3m[InstanceLoader] [39m[32mPoisModule dependencies initialized[39m[38;5;3m +0ms[39m
[32m[Nest] 29086  - [39m11/11/2025, 11:27:43 am [32m    LOG[39m [38;5;3m[InstanceLoader] [39m[32mAuthModule dependencies initialized[39m[38;5;3m +0ms[39m
[32m[Nest] 29086  - [39m11/11/2025, 11:27:43 am [32m    LOG[39m [38;5;3m[InstanceLoader] [39m[32mItinerariesModule dependencies initialized[39m[38;5;3m +0ms[39m
[32m[Nest] 29086  - [39m11/11/2025, 11:27:43 am [32m    LOG[39m [38;5;3m[RoutesResolver] [39m[32mAuthController {/auth}:[39m[38;5;3m +0ms[39m
[32m[Nest] 29086  - [39m11/11/2025, 11:27:43 am [32m    LOG[39m [38;5;3m[RouterExplorer] [39m[32mMapped {/auth/signup, POST} route[39m[38;5;3m +0ms[39m
[32m[Nest] 29086  - [39m11/11/2025, 11:27:43 am [32m    LOG[39m [38;5;3m[RouterExplorer] [39m[32mMapped {/auth/login, POST} route[39m[38;5;3m +0ms[39m
[32m[Nest] 29086  - [39m11/11/2025, 11:27:43 am [32m    LOG[39m [38;5;3m[RouterExplorer] [39m[32mMapped {/auth/refresh, POST} route[39m[38;5;3m +0ms[39m
[32m[Nest] 29086  - [39m11/11/2025, 11:27:43 am [32m    LOG[39m [38;5;3m[RouterExplorer] [39m[32mMapped {/auth/logout, POST} route[39m[38;5;3m +0ms[39m
[32m[Nest] 29086  - [39m11/11/2025, 11:27:43 am [32m    LOG[39m [38;5;3m[RoutesResolver] [39m[32mUsersController {/users}:[39m[38;5;3m +0ms[39m
[32m[Nest] 29086  - [39m11/11/2025, 11:27:43 am [32m    LOG[39m [38;5;3m[RouterExplorer] [39m[32mMapped {/users/me, GET} route[39m[38;5;3m +0ms[39m
[32m[Nest] 29086  - [39m11/11/2025, 11:27:43 am [32m    LOG[39m [38;5;3m[RouterExplorer] [39m[32mMapped {/users/me/preferences, PATCH} route[39m[38;5;3m +0ms[39m
[32m[Nest] 29086  - [39m11/11/2025, 11:27:43 am [32m    LOG[39m [38;5;3m[RoutesResolver] [39m[32mPoisController {/pois}:[39m[38;5;3m +0ms[39m
[32m[Nest] 29086  - [39m11/11/2025, 11:27:43 am [32m    LOG[39m [38;5;3m[RouterExplorer] [39m[32mMapped {/pois, GET} route[39m[38;5;3m +0ms[39m
[32m[Nest] 29086  - [39m11/11/2025, 11:27:43 am [32m    LOG[39m [38;5;3m[RouterExplorer] [39m[32mMapped {/pois/:id, GET} route[39m[38;5;3m +0ms[39m
[32m[Nest] 29086  - [39m11/11/2025, 11:27:43 am [32m    LOG[39m [38;5;3m[RouterExplorer] [39m[32mMapped {/pois, POST} route[39m[38;5;3m +0ms[39m
[32m[Nest] 29086  - [39m11/11/2025, 11:27:43 am [32m    LOG[39m [38;5;3m[RouterExplorer] [39m[32mMapped {/pois/:id, PUT} route[39m[38;5;3m +0ms[39m
[32m[Nest] 29086  - [39m11/11/2025, 11:27:43 am [32m    LOG[39m [38;5;3m[RouterExplorer] [39m[32mMapped {/pois/:id, DELETE} route[39m[38;5;3m +0ms[39m
[32m[Nest] 29086  - [39m11/11/2025, 11:27:43 am [32m    LOG[39m [38;5;3m[RouterExplorer] [39m[32mMapped {/pois/import/csv, POST} route[39m[38;5;3m +0ms[39m
[32m[Nest] 29086  - [39m11/11/2025, 11:27:43 am [32m    LOG[39m [38;5;3m[RoutesResolver] [39m[32mItinerariesController {/itineraries}:[39m[38;5;3m +0ms[39m
[32m[Nest] 29086  - [39m11/11/2025, 11:27:43 am [32m    LOG[39m [38;5;3m[RouterExplorer] [39m[32mMapped {/itineraries/generate, POST} route[39m[38;5;3m +0ms[39m
[32m[Nest] 29086  - [39m11/11/2025, 11:27:43 am [32m    LOG[39m [38;5;3m[RouterExplorer] [39m[32mMapped {/itineraries, GET} route[39m[38;5;3m +0ms[39m
[32m[Nest] 29086  - [39m11/11/2025, 11:27:43 am [32m    LOG[39m [38;5;3m[RouterExplorer] [39m[32mMapped {/itineraries/:id, GET} route[39m[38;5;3m +0ms[39m
[32m[Nest] 29086  - [39m11/11/2025, 11:27:43 am [32m    LOG[39m [38;5;3m[RoutesResolver] [39m[32mIntegrationsController {/integrations}:[39m[38;5;3m +0ms[39m
[32m[Nest] 29086  - [39m11/11/2025, 11:27:43 am [32m    LOG[39m [38;5;3m[RouterExplorer] [39m[32mMapped {/integrations/recommend, POST} route[39m[38;5;3m +0ms[39m
[32m[Nest] 29086  - [39m11/11/2025, 11:27:43 am [32m    LOG[39m [38;5;3m[RouterExplorer] [39m[32mMapped {/integrations/chat, POST} route[39m[38;5;3m +1ms[39m
[32m[Nest] 29086  - [39m11/11/2025, 11:27:43 am [32m    LOG[39m [38;5;3m[RouterExplorer] [39m[32mMapped {/integrations/travel-time, POST} route[39m[38;5;3m +0ms[39m
[32m[Nest] 29086  - [39m11/11/2025, 11:27:43 am [32m    LOG[39m [38;5;3m[RouterExplorer] [39m[32mMapped {/integrations/weather, GET} route[39m[38;5;3m +0ms[39m
[32m[Nest] 29086  - [39m11/11/2025, 11:27:43 am [32m    LOG[39m [38;5;3m[RoutesResolver] [39m[32mUploadsController {/uploads}:[39m[38;5;3m +0ms[39m
[32m[Nest] 29086  - [39m11/11/2025, 11:27:43 am [32m    LOG[39m [38;5;3m[RouterExplorer] [39m[32mMapped {/uploads/image, POST} route[39m[38;5;3m +0ms[39m
[32m[Nest] 29086  - [39m11/11/2025, 11:27:43 am [32m    LOG[39m [38;5;3m[RoutesResolver] [39m[32mAnalyticsController {/analytics}:[39m[38;5;3m +0ms[39m
[32m[Nest] 29086  - [39m11/11/2025, 11:27:43 am [32m    LOG[39m [38;5;3m[RouterExplorer] [39m[32mMapped {/analytics/overview, GET} route[39m[38;5;3m +0ms[39m
[32m[Nest] 29086  - [39m11/11/2025, 11:27:43 am [32m    LOG[39m [38;5;3m[NestApplication] [39m[32mNest application successfully started[39m[38;5;3m +0ms[39m
 ELIFECYCLE  Command failed.
